1515015758 INÍCIO
1515015760 CHEGADA 1 0
1515015760 ESPERA 1
1515015760 DISPONÍVEL 1
0 ENTRA_EMBARQUE 1 0
1515015760 EMBARQUE 1 1
1515015760 ESPERA 2
1515015760 CHEGADA 2 0
0 ENTRA_EMBARQUE 2 0
1515015760 EMBARQUE 2 1
1515015762 CHEGADA 3 0
0 ENTRA_EMBARQUE 3 0
1515015762 EMBARQUE 3 1
1515015764 CHEGADA 4 0
0 ENTRA_EMBARQUE 4 0
1515015764 EMBARQUE 4 1
1515015766 CHEGADA 5 0
0 ENTRA_EMBARQUE 5 0
1515015766 EMBARQUE 5 1
1515015768 CHEGADA 6 0
1515015768 ARRANQUE 1
1515015768 DISPONÍVEL 2
0 ENTRA_EMBARQUE 6 0
1515015768 EMBARQUE 6 2
1515015771 CHEGADA 7 0
0 ENTRA_EMBARQUE 7 0
1515015771 EMBARQUE 7 2
1515015773 CHEGADA 8 0
0 ENTRA_EMBARQUE 8 0
1515015773 EMBARQUE 8 2
1515015775 CHEGADA 9 0
0 ENTRA_EMBARQUE 9 0
1515015775 EMBARQUE 9 2
1515015777 CHEGADA 10 0
0 ENTRA_EMBARQUE 10 0
1515015777 EMBARQUE 10 2
1515015777 ARRANQUE 2
1515015779 CHEGADA 11 0
1515015781 CHEGADA 12 0
1515015783 CHEGADA 13 0
1515015783 CHEGADA 14 0
1515015785 CHEGADA 15 0
1515015788 CHEGADA 16 0
1515015788 FINAL_VIAGEM 1
1515015788 DESEMBARQUE 1 1
1515015788 DESEMBARQUE 2 1
1515015788 DESEMBARQUE 3 1
1515015788 DESEMBARQUE 4 1
1515015788 DESEMBARQUE 5 1
1515015788 ESPERA 1
1515015788 DISPONÍVEL 1
9 ENTRA_EMBARQUE 11 0
1515015788 EMBARQUE 11 1
7 ENTRA_EMBARQUE 12 0
1515015788 EMBARQUE 12 1
5 ENTRA_EMBARQUE 13 0
1515015788 EMBARQUE 13 1
5 ENTRA_EMBARQUE 14 0
1515015788 EMBARQUE 14 1
3 ENTRA_EMBARQUE 15 0
1515015788 EMBARQUE 15 1
1515015788 ARRANQUE 1
1515015789 CHEGADA 17 0
1515015792 CHEGADA 18 0
1515015793 CHEGADA 19 0
1515015796 CHEGADA 20 0
1515015797 CHEGADA 21 0
1515015797 FINAL_VIAGEM 2
1515015797 DESEMBARQUE 6 2
1515015797 DESEMBARQUE 7 2
1515015797 DESEMBARQUE 8 2
1515015797 DESEMBARQUE 9 2
1515015797 DESEMBARQUE 10 2
1515015797 ESPERA 2
1515015797 DISPONÍVEL 2
9 ENTRA_EMBARQUE 16 0
1515015797 EMBARQUE 16 2
1515015797 DESISTE_FILA 17 0
5 ENTRA_EMBARQUE 18 0
1515015797 EMBARQUE 18 2
4 ENTRA_EMBARQUE 19 0
1515015797 EMBARQUE 19 2
1 ENTRA_EMBARQUE 20 0
1515015797 EMBARQUE 20 2
0 ENTRA_EMBARQUE 21 0
1515015797 EMBARQUE 21 2
1515015798 ARRANQUE 2
1515015800 CHEGADA 22 0
1515015802 CHEGADA 23 0
1515015805 CHEGADA 24 1
1515015807 CHEGADA 25 0
1515015809 CHEGADA 26 0
1515015809 FINAL_VIAGEM 1
1515015809 DESEMBARQUE 11 1
1515015809 DESEMBARQUE 12 1
1515015809 DESEMBARQUE 13 1
1515015809 DESEMBARQUE 14 1
1515015809 DESEMBARQUE 15 1
1515015809 ESPERA 1
1515015809 DISPONÍVEL 1
4 ENTRA_EMBARQUE 24 1
1515015809 EMBARQUE 24 1
9 ENTRA_EMBARQUE 22 0
1515015809 EMBARQUE 22 1
7 ENTRA_EMBARQUE 23 0
1515015809 EMBARQUE 23 1
2 ENTRA_EMBARQUE 25 0
1515015809 EMBARQUE 25 1
0 ENTRA_EMBARQUE 26 0
1515015809 EMBARQUE 26 1
1515015809 ARRANQUE 1
1515015811 CHEGADA 27 0
1515015811 CHEGADA 28 0
1515015813 CHEGADA 29 0
1515015815 CHEGADA 30 0
1515015817 CHEGADA 31 0
1515015819 FINAL_VIAGEM 2
1515015819 DESEMBARQUE 16 2
1515015819 DESEMBARQUE 18 2
1515015819 DESEMBARQUE 19 2
1515015819 DESEMBARQUE 20 2
1515015819 DESEMBARQUE 21 2
1515015819 ESPERA 2
1515015819 DISPONÍVEL 2
1515015819 DESISTE_FILA 27 0
8 ENTRA_EMBARQUE 28 0
1515015819 EMBARQUE 28 2
6 ENTRA_EMBARQUE 29 0
1515015819 EMBARQUE 29 2
4 ENTRA_EMBARQUE 30 0
1515015819 EMBARQUE 30 2
2 ENTRA_EMBARQUE 31 0
1515015819 EMBARQUE 31 2
1515015819 CHEGADA 32 1
0 ENTRA_EMBARQUE 32 1
1515015819 EMBARQUE 32 2
1515015821 CHEGADA 33 0
1515015821 ARRANQUE 2
1515015823 CHEGADA 34 0
1515015825 CHEGADA 35 0
1515015827 CHEGADA 36 0
1515015829 CHEGADA 37 0
1515015830 FINAL_VIAGEM 1
1515015830 DESEMBARQUE 24 1
1515015830 DESEMBARQUE 22 1
1515015830 DESEMBARQUE 23 1
1515015830 DESEMBARQUE 25 1
1515015830 DESEMBARQUE 26 1
1515015830 ESPERA 1
1515015830 DISPONÍVEL 1
7 ENTRA_EMBARQUE 34 0
1515015830 EMBARQUE 34 1
1515015830 DESISTE_EMBARQUE
5 ENTRA_EMBARQUE 35 0
1 ENTRA_EMBARQUE 37 0
1515015830 EMBARQUE 37 1
1515015830 EMBARQUE 35 1
3 ENTRA_EMBARQUE 36 0
1515015830 EMBARQUE 36 1
1515015832 CHEGADA 38 0
0 ENTRA_EMBARQUE 38 0
1515015832 EMBARQUE 38 1
1515015832 CHEGADA 39 0
1515015834 ARRANQUE 1
1515015834 CHEGADA 40 0
1515015837 CHEGADA 41 0
1515015838 CHEGADA 42 0
1515015840 CHEGADA 43 0
1515015842 CHEGADA 44 0
1515015842 FINAL_VIAGEM 2
1515015842 DESEMBARQUE 28 2
1515015842 DESEMBARQUE 29 2
1515015842 DESEMBARQUE 30 2
1515015842 DESEMBARQUE 31 2
1515015842 DESEMBARQUE 32 2
1515015842 ESPERA 2
1515015842 DISPONÍVEL 2
8 ENTRA_EMBARQUE 40 0
1515015842 EMBARQUE 40 2
10 ENTRA_EMBARQUE 39 0
1515015842 EMBARQUE 39 2
5 ENTRA_EMBARQUE 41 0
1515015842 EMBARQUE 41 2
4 ENTRA_EMBARQUE 42 0
1515015842 EMBARQUE 42 2
2 ENTRA_EMBARQUE 43 0
1515015842 EMBARQUE 43 2
1515015843 ARRANQUE 2
1515015844 CHEGADA 45 0
1515015847 CHEGADA 46 0
1515015849 CHEGADA 47 0
1515015851 CHEGADA 48 0
1515015853 CHEGADA 49 0
1515015855 CHEGADA 50 0
1515015855 FINAL_VIAGEM 1
1515015855 DESEMBARQUE 34 1
1515015855 DESEMBARQUE 37 1
1515015855 DESEMBARQUE 35 1
1515015855 DESEMBARQUE 36 1
1515015855 DESEMBARQUE 38 1
1515015855 ESPERA 1
1515015855 DISPONÍVEL 1
11 ENTRA_EMBARQUE 45 0
1515015855 EMBARQUE 45 1
13 ENTRA_EMBARQUE 44 0
1515015855 EMBARQUE 44 1
8 ENTRA_EMBARQUE 46 0
1515015855 EMBARQUE 46 1
6 ENTRA_EMBARQUE 47 0
1515015855 EMBARQUE 47 1
4 ENTRA_EMBARQUE 48 0
1515015855 EMBARQUE 48 1
1515015855 DESISTE_FILA 49 0
1515015855 ARRANQUE 1
1515015855 CHEGADA 51 0
1515015857 CHEGADA 52 0
1515015859 CHEGADA 53 0
1515015861 CHEGADA 54 0
1515015863 CHEGADA 55 0
1515015864 FINAL_VIAGEM 2
1515015864 DESEMBARQUE 40 2
1515015864 DESEMBARQUE 39 2
1515015864 DESEMBARQUE 41 2
1515015864 DESEMBARQUE 42 2
1515015864 DESEMBARQUE 43 2
1515015864 ESPERA 2
1515015864 DISPONÍVEL 2
9 ENTRA_EMBARQUE 50 0
1515015864 EMBARQUE 50 2
9 ENTRA_EMBARQUE 51 0
1515015864 EMBARQUE 51 2
5 ENTRA_EMBARQUE 53 0
1515015864 EMBARQUE 53 2
7 ENTRA_EMBARQUE 52 0
1515015864 EMBARQUE 52 2
3 ENTRA_EMBARQUE 54 0
1515015864 EMBARQUE 54 2
1515015865 CHEGADA 56 0
1515015865 ARRANQUE 2
1515015868 CHEGADA 57 0
1515015870 CHEGADA 58 0
1515015872 CHEGADA 59 0
1515015873 CHEGADA 60 0
1515015875 FINAL_VIAGEM 1
1515015875 DESEMBARQUE 45 1
1515015875 DESEMBARQUE 44 1
1515015875 DESEMBARQUE 46 1
1515015875 DESEMBARQUE 47 1
1515015875 DESEMBARQUE 48 1
1515015875 ESPERA 1
1515015875 DISPONÍVEL 1
10 ENTRA_EMBARQUE 56 0
1515015875 EMBARQUE 56 1
12 ENTRA_EMBARQUE 55 0
1515015875 EMBARQUE 55 1
7 ENTRA_EMBARQUE 57 0
1515015875 EMBARQUE 57 1
5 ENTRA_EMBARQUE 58 0
1515015875 EMBARQUE 58 1
3 ENTRA_EMBARQUE 59 0
1515015875 EMBARQUE 59 1
1515015875 ARRANQUE 1
1515015875 CHEGADA 61 0
1515015877 CHEGADA 62 0
1515015886 FINAL_VIAGEM 2
1515015886 DESEMBARQUE 50 2
1515015886 DESEMBARQUE 51 2
1515015886 DESEMBARQUE 53 2
1515015886 DESEMBARQUE 52 2
1515015886 DESEMBARQUE 54 2
1515015886 ESPERA 2
1515015886 DISPONÍVEL 2
11 ENTRA_EMBARQUE 61 0
1515015886 EMBARQUE 61 2
13 ENTRA_EMBARQUE 60 0
1515015886 EMBARQUE 60 2
9 ENTRA_EMBARQUE 62 0
1515015886 EMBARQUE 62 2
1515015886 ARRANQUE 2
1515015895 FINAL_VIAGEM 1
1515015895 DESEMBARQUE 56 1
1515015895 DESEMBARQUE 55 1
1515015895 DESEMBARQUE 57 1
1515015895 DESEMBARQUE 58 1
1515015895 DESEMBARQUE 59 1
1515015895 ESPERA 1
1515015895 DISPONÍVEL 1
1515015907 FINAL_VIAGEM 2
1515015907 DESEMBARQUE 61 2
1515015907 DESEMBARQUE 60 2
1515015907 DESEMBARQUE 62 2
1515015907 ESPERA 2
1515015907 DISPONÍVEL 2
1515015909 FIM 
